Started GET "/" for 127.0.0.1 at 2018-12-12 15:18:43 +0300
Processing by XmlController#index as HTML
Completed 500 Internal Server Error in 87ms (ActiveRecord: 0.0ms)


  
NoMethodError (undefined method `find_palindromes' for #<XmlController:0x00007febdb81bd88>):
  
app/controllers/xml_controller.rb:5:in `index'
Started GET "/" for 127.0.0.1 at 2018-12-12 15:18:50 +0300
Processing by XmlController#index as HTML
Completed 500 Internal Server Error in 79ms (ActiveRecord: 0.0ms)


  
NoMethodError (undefined method `find_palindromes' for #<XmlController:0x00007febd6dbad98>):
  
app/controllers/xml_controller.rb:5:in `index'
Started GET "/?lower=10&upper=100&format=xml" for 127.0.0.1 at 2018-12-12 15:19:08 +0300
Processing by XmlController#index as XML
  Parameters: {"lower"=>"10", "upper"=>"100"}
Completed 500 Internal Server Error in 78ms (ActiveRecord: 0.0ms)


  
NoMethodError (undefined method `find_palindromes' for #<XmlController:0x00007febd69d2668>):
  
app/controllers/xml_controller.rb:5:in `index'
Started GET "/?lower=10&upper=100&format=xml" for 127.0.0.1 at 2018-12-12 15:19:10 +0300
Processing by XmlController#index as XML
  Parameters: {"lower"=>"10", "upper"=>"100"}
Completed 500 Internal Server Error in 78ms (ActiveRecord: 0.0ms)


  
NoMethodError (undefined method `find_palindromes' for #<XmlController:0x00007febd831b098>):
  
app/controllers/xml_controller.rb:5:in `index'
Started GET "/?lower=10&upper=100&format=xml" for 127.0.0.1 at 2018-12-12 15:22:50 +0300
Processing by XmlController#index as XML
  Parameters: {"lower"=>"10", "upper"=>"100"}
Completed 200 OK in 229ms (Views: 0.1ms | ActiveRecord: 0.0ms)


Started GET "/?a=25&format=xml" for 127.0.0.1 at 2018-12-12 15:23:07 +0300
Processing by XmlController#index as XML
  Parameters: {"a"=>"25"}
Completed 500 Internal Server Error in 139ms (ActiveRecord: 0.0ms)


  
NameError (undefined local variable or method `text' for #<XmlController:0x00007febd6403c78>
Did you mean?  test):
  
app/controllers/xml_controller.rb:10:in `index'
Started GET "/?a=25&format=xml" for 127.0.0.1 at 2018-12-12 15:23:24 +0300
Processing by XmlController#index as XML
  Parameters: {"a"=>"25"}
Completed 200 OK in 1ms (Views: 0.1ms | ActiveRecord: 0.0ms)


Started GET "/" for ::1 at 2018-12-12 16:14:56 +0300
Processing by XmlController#index as HTML
Completed 406 Not Acceptable in 5ms (ActiveRecord: 0.0ms)


  
ActionController::UnknownFormat (ActionController::UnknownFormat):
  
app/controllers/xml_controller.rb:22:in `index'
Started GET "/" for ::1 at 2018-12-12 16:16:23 +0300
Processing by XmlController#index as HTML
Completed 406 Not Acceptable in 1ms (ActiveRecord: 0.0ms)


  
ActionController::UnknownFormat (ActionController::UnknownFormat):
  
app/controllers/xml_controller.rb:22:in `index'
Started GET "/" for ::1 at 2018-12-12 16:16:24 +0300
Processing by XmlController#index as HTML
Completed 406 Not Acceptable in 1ms (ActiveRecord: 0.0ms)


  
ActionController::UnknownFormat (ActionController::UnknownFormat):
  
app/controllers/xml_controller.rb:22:in `index'
Started GET "/" for ::1 at 2018-12-12 17:07:54 +0300
Processing by XmlController#index as HTML
Completed 406 Not Acceptable in 6ms (ActiveRecord: 0.0ms)


  
ActionController::UnknownFormat (ActionController::UnknownFormat):
  
app/controllers/xml_controller.rb:22:in `index'
Started GET "/" for 127.0.0.1 at 2018-12-12 17:09:31 +0300
Processing by XmlController#index as HTML
Completed 406 Not Acceptable in 5ms (ActiveRecord: 0.0ms)


  
ActionController::UnknownFormat (ActionController::UnknownFormat):
  
app/controllers/xml_controller.rb:22:in `index'
Started GET "/" for 127.0.0.1 at 2018-12-12 17:09:44 +0300
Processing by XmlController#index as HTML
Completed 406 Not Acceptable in 0ms (ActiveRecord: 0.0ms)


  
ActionController::UnknownFormat (ActionController::UnknownFormat):
  
app/controllers/xml_controller.rb:22:in `index'
Started GET "/" for 127.0.0.1 at 2018-12-12 17:09:46 +0300
Processing by XmlController#index as HTML
Completed 406 Not Acceptable in 0ms (ActiveRecord: 0.0ms)


  
ActionController::UnknownFormat (ActionController::UnknownFormat):
  
app/controllers/xml_controller.rb:22:in `index'
Started GET "/?a=25&format=xml" for 127.0.0.1 at 2018-12-12 17:09:55 +0300
Processing by XmlController#index as XML
  Parameters: {"a"=>"25"}
Completed 200 OK in 70ms (Views: 0.1ms | ActiveRecord: 0.0ms)


Started GET "/?format=xml&a=" for 127.0.0.1 at 2018-12-12 17:39:40 +0300
Processing by XmlController#index as XML
  Parameters: {"a"=>""}
Completed 200 OK in 92ms (Views: 0.2ms | ActiveRecord: 0.0ms)


Started GET "/?format=xml&a=" for 127.0.0.1 at 2018-12-12 17:39:51 +0300
Processing by XmlController#index as XML
  Parameters: {"a"=>""}
Completed 200 OK in 29ms (Views: 0.1ms | ActiveRecord: 0.0ms)


Started GET "/?format=xml&a=" for 127.0.0.1 at 2018-12-12 17:40:04 +0300
Processing by XmlController#index as XML
  Parameters: {"a"=>""}
Completed 200 OK in 28ms (Views: 0.1ms | ActiveRecord: 0.0ms)


Started GET "/?format=xml&a=" for 127.0.0.1 at 2018-12-12 17:40:12 +0300
Processing by XmlController#index as XML
  Parameters: {"a"=>""}
Completed 200 OK in 29ms (Views: 0.1ms | ActiveRecord: 0.0ms)


Started GET "/?format=xml&a=" for 127.0.0.1 at 2018-12-12 17:40:17 +0300
Processing by XmlController#index as XML
  Parameters: {"a"=>""}
Completed 200 OK in 26ms (Views: 0.1ms | ActiveRecord: 0.0ms)


Started GET "/?format=xml&a=" for 127.0.0.1 at 2018-12-12 17:44:44 +0300
Processing by XmlController#index as XML
  Parameters: {"a"=>""}
Completed 200 OK in 29ms (Views: 0.1ms | ActiveRecord: 0.0ms)


Started GET "/?format=xml&a=" for 127.0.0.1 at 2018-12-12 17:45:15 +0300
Processing by XmlController#index as XML
  Parameters: {"a"=>""}
Completed 200 OK in 26ms (Views: 0.1ms | ActiveRecord: 0.0ms)


Started GET "/?format=xml&a=" for 127.0.0.1 at 2018-12-12 17:45:22 +0300
Processing by XmlController#index as XML
  Parameters: {"a"=>""}
Completed 200 OK in 28ms (Views: 0.1ms | ActiveRecord: 0.0ms)


Started GET "/?format=xml&a=" for 127.0.0.1 at 2018-12-12 17:46:37 +0300
Processing by XmlController#index as XML
  Parameters: {"a"=>""}
Completed 200 OK in 25ms (Views: 0.1ms | ActiveRecord: 0.0ms)


Started GET "/?format=xml&a=" for 127.0.0.1 at 2018-12-12 17:46:45 +0300
Processing by XmlController#index as XML
  Parameters: {"a"=>""}
Completed 200 OK in 34ms (Views: 0.1ms | ActiveRecord: 0.0ms)


Started GET "/?format=xml&a=" for 127.0.0.1 at 2018-12-12 17:46:53 +0300
Processing by XmlController#index as XML
  Parameters: {"a"=>""}
Completed 200 OK in 25ms (Views: 0.1ms | ActiveRecord: 0.0ms)


Started GET "/?format=xml&a=" for 127.0.0.1 at 2018-12-12 17:55:12 +0300
Processing by XmlController#index as XML
  Parameters: {"a"=>""}
Completed 200 OK in 80ms (Views: 0.2ms | ActiveRecord: 0.0ms)


Started GET "/?format=xml&a=" for 127.0.0.1 at 2018-12-12 17:55:16 +0300
Processing by XmlController#index as XML
  Parameters: {"a"=>""}
Completed 200 OK in 30ms (Views: 0.1ms | ActiveRecord: 0.0ms)


Started GET "/?format=xml&a=" for 127.0.0.1 at 2018-12-12 17:55:20 +0300
Processing by XmlController#index as XML
  Parameters: {"a"=>""}
Completed 200 OK in 26ms (Views: 0.1ms | ActiveRecord: 0.0ms)


Started GET "/?format=xml&a=" for 127.0.0.1 at 2018-12-12 17:59:43 +0300
Processing by XmlController#index as XML
  Parameters: {"a"=>""}
Completed 200 OK in 28ms (Views: 0.1ms | ActiveRecord: 0.0ms)


Started GET "/?format=xml&a=" for 127.0.0.1 at 2018-12-12 17:59:47 +0300
Processing by XmlController#index as XML
  Parameters: {"a"=>""}
Completed 200 OK in 26ms (Views: 0.1ms | ActiveRecord: 0.0ms)


Started GET "/?format=xml&a=" for 127.0.0.1 at 2018-12-12 17:59:54 +0300
Processing by XmlController#index as XML
  Parameters: {"a"=>""}
Completed 200 OK in 28ms (Views: 0.1ms | ActiveRecord: 0.0ms)


Started GET "/?format=xml&a=" for 127.0.0.1 at 2018-12-12 18:00:00 +0300
Processing by XmlController#index as XML
  Parameters: {"a"=>""}
Completed 200 OK in 25ms (Views: 0.1ms | ActiveRecord: 0.0ms)


Started GET "/?format=xml&a=" for 127.0.0.1 at 2018-12-12 18:00:03 +0300
Processing by XmlController#index as XML
  Parameters: {"a"=>""}
Completed 200 OK in 26ms (Views: 0.1ms | ActiveRecord: 0.0ms)


Started GET "/?format=xml&a=" for 127.0.0.1 at 2018-12-12 18:00:05 +0300
Processing by XmlController#index as XML
  Parameters: {"a"=>""}
Completed 200 OK in 24ms (Views: 0.1ms | ActiveRecord: 0.0ms)


Started GET "/?format=xml&a=" for 127.0.0.1 at 2018-12-12 18:00:12 +0300
Processing by XmlController#index as XML
  Parameters: {"a"=>""}
Completed 200 OK in 26ms (Views: 0.1ms | ActiveRecord: 0.0ms)


Started GET "/?format=xml&a=" for 127.0.0.1 at 2018-12-12 18:00:15 +0300
Processing by XmlController#index as XML
  Parameters: {"a"=>""}
Completed 200 OK in 24ms (Views: 0.1ms | ActiveRecord: 0.0ms)


Started GET "/?format=xml&a=" for 127.0.0.1 at 2018-12-12 18:00:20 +0300
Processing by XmlController#index as XML
  Parameters: {"a"=>""}
Completed 200 OK in 26ms (Views: 1.4ms | ActiveRecord: 0.0ms)


Started GET "/?format=xml&a=" for 127.0.0.1 at 2018-12-12 18:02:34 +0300
Processing by XmlController#index as XML
  Parameters: {"a"=>""}
Completed 200 OK in 25ms (Views: 0.1ms | ActiveRecord: 0.0ms)


Started GET "/?format=xml&a=" for 127.0.0.1 at 2018-12-12 18:02:40 +0300
Processing by XmlController#index as XML
  Parameters: {"a"=>""}
Completed 200 OK in 27ms (Views: 0.1ms | ActiveRecord: 0.0ms)


Started GET "/?format=xml&a=" for 127.0.0.1 at 2018-12-12 18:02:44 +0300
Processing by XmlController#index as XML
  Parameters: {"a"=>""}
Completed 200 OK in 25ms (Views: 0.1ms | ActiveRecord: 0.0ms)


Started GET "/?format=xml&a=" for 127.0.0.1 at 2018-12-12 18:02:46 +0300
Processing by XmlController#index as XML
  Parameters: {"a"=>""}
Completed 200 OK in 24ms (Views: 0.1ms | ActiveRecord: 0.0ms)


Started GET "/?format=xml&a=" for 127.0.0.1 at 2018-12-12 18:03:04 +0300
Processing by XmlController#index as XML
  Parameters: {"a"=>""}
Completed 200 OK in 26ms (Views: 0.1ms | ActiveRecord: 0.0ms)


Started GET "/?a=25&format=xml" for 127.0.0.1 at 2018-12-12 18:09:56 +0300
Processing by XmlController#index as XML
  Parameters: {"a"=>"25"}
Completed 200 OK in 1ms (Views: 0.1ms | ActiveRecord: 0.0ms)


Started GET "/" for 127.0.0.1 at 2018-12-12 18:10:16 +0300
Processing by XmlController#index as HTML
Completed 406 Not Acceptable in 1ms (ActiveRecord: 0.0ms)


  
ActionController::UnknownFormat (ActionController::UnknownFormat):
  
app/controllers/xml_controller.rb:22:in `index'
Started GET "/" for 127.0.0.1 at 2018-12-12 18:10:17 +0300
Processing by XmlController#index as HTML
Completed 406 Not Acceptable in 1ms (ActiveRecord: 0.0ms)


  
ActionController::UnknownFormat (ActionController::UnknownFormat):
  
app/controllers/xml_controller.rb:22:in `index'
Started GET "/" for 127.0.0.1 at 2018-12-12 18:10:31 +0300
Processing by XmlController#index as HTML
Completed 406 Not Acceptable in 1ms (ActiveRecord: 0.0ms)


  
ActionController::UnknownFormat (ActionController::UnknownFormat):
  
app/controllers/xml_controller.rb:22:in `index'
Started GET "/format=xml&a=25" for 127.0.0.1 at 2018-12-12 18:10:38 +0300
  
ActionController::RoutingError (No route matches [GET] "/format=xml&a=25"):
  
actionpack (5.2.2) lib/action_dispatch/middleware/debug_exceptions.rb:65:in `call'
web-console (3.7.0) lib/web_console/middleware.rb:135:in `call_app'
web-console (3.7.0) lib/web_console/middleware.rb:30:in `block in call'
web-console (3.7.0) lib/web_console/middleware.rb:20:in `catch'
web-console (3.7.0) lib/web_console/middleware.rb:20:in `call'
actionpack (5.2.2) lib/action_dispatch/middleware/show_exceptions.rb:33:in `call'
railties (5.2.2) lib/rails/rack/logger.rb:38:in `call_app'
railties (5.2.2) lib/rails/rack/logger.rb:26:in `block in call'
activesupport (5.2.2) lib/active_support/tagged_logging.rb:71:in `block in tagged'
activesupport (5.2.2) lib/active_support/tagged_logging.rb:28:in `tagged'
activesupport (5.2.2) lib/active_support/tagged_logging.rb:71:in `tagged'
railties (5.2.2) lib/rails/rack/logger.rb:26:in `call'
sprockets-rails (3.2.1) lib/sprockets/rails/quiet_assets.rb:13:in `call'
actionpack (5.2.2) lib/action_dispatch/middleware/remote_ip.rb:81:in `call'
actionpack (5.2.2) lib/action_dispatch/middleware/request_id.rb:27:in `call'
rack (2.0.6) lib/rack/method_override.rb:22:in `call'
rack (2.0.6) lib/rack/runtime.rb:22:in `call'
activesupport (5.2.2) lib/active_support/cache/strategy/local_cache_middleware.rb:29:in `call'
actionpack (5.2.2) lib/action_dispatch/middleware/executor.rb:14:in `call'
actionpack (5.2.2) lib/action_dispatch/middleware/static.rb:127:in `call'
rack (2.0.6) lib/rack/sendfile.rb:111:in `call'
railties (5.2.2) lib/rails/engine.rb:524:in `call'
puma (3.12.0) lib/puma/configuration.rb:225:in `call'
puma (3.12.0) lib/puma/server.rb:658:in `handle_request'
puma (3.12.0) lib/puma/server.rb:472:in `process_client'
puma (3.12.0) lib/puma/server.rb:332:in `block in run'
puma (3.12.0) lib/puma/thread_pool.rb:133:in `block in spawn_thread'
Started GET "/?format=xml&a=25" for 127.0.0.1 at 2018-12-12 18:10:43 +0300
Processing by XmlController#index as XML
  Parameters: {"a"=>"25"}
Completed 200 OK in 1ms (Views: 0.1ms | ActiveRecord: 0.0ms)


Started GET "/?format=xml&a=25" for 127.0.0.1 at 2018-12-12 18:12:30 +0300
Processing by XmlController#index as XML
  Parameters: {"a"=>"25"}
Completed 200 OK in 1ms (Views: 0.1ms | ActiveRecord: 0.0ms)


Started GET "/?format=xml&a=nil" for 127.0.0.1 at 2018-12-12 18:12:32 +0300
Processing by XmlController#index as XML
  Parameters: {"a"=>"nil"}
Completed 200 OK in 38ms (Views: 0.1ms | ActiveRecord: 0.0ms)


Started GET "/?format=xml&a=nil" for 127.0.0.1 at 2018-12-12 18:13:06 +0300
Processing by XmlController#index as XML
  Parameters: {"a"=>"nil"}
Completed 200 OK in 32ms (Views: 0.2ms | ActiveRecord: 0.0ms)


Started GET "/?format=xml&a=0" for 127.0.0.1 at 2018-12-12 18:13:09 +0300
Processing by XmlController#index as XML
  Parameters: {"a"=>"0"}
Completed 200 OK in 29ms (Views: 0.1ms | ActiveRecord: 0.0ms)


Started GET "/?format=xml&a=hui" for 127.0.0.1 at 2018-12-12 18:13:14 +0300
Processing by XmlController#index as XML
  Parameters: {"a"=>"hui"}
Completed 200 OK in 30ms (Views: 0.1ms | ActiveRecord: 0.0ms)


Started GET "/?format=xml&a=hui" for 127.0.0.1 at 2018-12-12 18:13:18 +0300
Processing by XmlController#index as XML
  Parameters: {"a"=>"hui"}
Completed 200 OK in 31ms (Views: 0.1ms | ActiveRecord: 0.0ms)


Started GET "/?format=xml&a=hui" for 127.0.0.1 at 2018-12-12 18:13:21 +0300
Processing by XmlController#index as XML
  Parameters: {"a"=>"hui"}
Completed 200 OK in 27ms (Views: 0.1ms | ActiveRecord: 0.0ms)


Started GET "/?format=xml&a=" for 127.0.0.1 at 2018-12-12 18:13:22 +0300
Processing by XmlController#index as XML
  Parameters: {"a"=>""}
Completed 200 OK in 28ms (Views: 0.1ms | ActiveRecord: 0.0ms)


Started GET "/?format=xml&a=" for 127.0.0.1 at 2018-12-12 18:13:28 +0300
Processing by XmlController#index as XML
  Parameters: {"a"=>""}
Completed 200 OK in 57ms (Views: 0.1ms | ActiveRecord: 0.0ms)


Started GET "/?format=xml" for 127.0.0.1 at 2018-12-12 18:13:29 +0300
Processing by XmlController#index as XML
Completed 200 OK in 1ms (Views: 0.1ms | ActiveRecord: 0.0ms)


Started GET "/?format=xml" for 127.0.0.1 at 2018-12-12 18:17:30 +0300
Processing by XmlController#index as XML
Completed 500 Internal Server Error in 80ms (ActiveRecord: 0.0ms)


  
NoMethodError (undefined method `find_num' for #<XmlController:0x00007ff7128b8d08>):
  
app/controllers/xml_controller.rb:7:in `index'
Started GET "/?format=xml&a=" for 127.0.0.1 at 2018-12-12 18:17:37 +0300
Processing by XmlController#index as XML
  Parameters: {"a"=>""}
Completed 500 Internal Server Error in 136ms (ActiveRecord: 0.0ms)


  
NoMethodError (undefined method `find_num' for #<XmlController:0x00007ff70cdd8eb0>):
  
app/controllers/xml_controller.rb:7:in `index'
Started GET "/?format=xml&a=" for 127.0.0.1 at 2018-12-12 18:17:38 +0300
Processing by XmlController#index as XML
  Parameters: {"a"=>""}
Completed 500 Internal Server Error in 100ms (ActiveRecord: 0.0ms)


  
NoMethodError (undefined method `find_num' for #<XmlController:0x00007ff70d46d050>):
  
app/controllers/xml_controller.rb:7:in `index'
Started GET "/?format=xml&a=" for 127.0.0.1 at 2018-12-12 18:18:46 +0300
Processing by XmlController#index as XML
  Parameters: {"a"=>""}
Completed 500 Internal Server Error in 4ms (ActiveRecord: 0.0ms)


  
NoMethodError (undefined method `delete' for 0:Integer):
  
app/controllers/xml_controller.rb:45:in `find_num'
app/controllers/xml_controller.rb:7:in `index'
Started GET "/?format=xml&a=" for 127.0.0.1 at 2018-12-12 18:19:24 +0300
Processing by XmlController#index as XML
  Parameters: {"a"=>""}
Completed 500 Internal Server Error in 1ms (ActiveRecord: 0.0ms)


  
ArgumentError (wrong number of arguments (given 1, expected 0)):
  
app/controllers/xml_controller.rb:15:in `block in index'
app/controllers/xml_controller.rb:15:in `map'
app/controllers/xml_controller.rb:15:in `index'
Started GET "/?format=xml&a=" for 127.0.0.1 at 2018-12-12 18:20:30 +0300
Processing by XmlController#index as XML
  Parameters: {"a"=>""}
Completed 500 Internal Server Error in 173ms (ActiveRecord: 0.0ms)


  
NameError (undefined local variable or method `elem' for #<XmlController:0x00007ff70cd46560>):
  
app/controllers/xml_controller.rb:15:in `index'
Started GET "/?format=xml&a=" for 127.0.0.1 at 2018-12-12 18:20:58 +0300
Processing by XmlController#index as XML
  Parameters: {"a"=>""}
Completed 200 OK in 31ms (Views: 0.2ms | ActiveRecord: 0.0ms)


Started GET "/?format=xml&a=" for 127.0.0.1 at 2018-12-12 18:22:28 +0300
Processing by XmlController#index as XML
  Parameters: {"a"=>""}
Completed 200 OK in 38ms (Views: 0.1ms | ActiveRecord: 0.0ms)


Started GET "/?format=xml&a=25" for 127.0.0.1 at 2018-12-12 18:23:05 +0300
Processing by XmlController#index as XML
  Parameters: {"a"=>"25"}
Completed 200 OK in 1ms (Views: 0.1ms | ActiveRecord: 0.0ms)


Started GET "/?format=xml&a=" for 127.0.0.1 at 2018-12-12 18:23:21 +0300
Processing by XmlController#index as XML
  Parameters: {"a"=>""}
Completed 200 OK in 34ms (Views: 0.2ms | ActiveRecord: 0.0ms)


Started GET "/?format=xml&a=100000" for 127.0.0.1 at 2018-12-12 18:25:35 +0300
Processing by XmlController#index as XML
  Parameters: {"a"=>"100000"}
Completed 200 OK in 3ms (Views: 0.3ms | ActiveRecord: 0.0ms)


Started GET "/?format=xml&a=" for 127.0.0.1 at 2018-12-12 18:27:48 +0300
Processing by XmlController#index as XML
  Parameters: {"a"=>""}
Completed 200 OK in 32ms (Views: 0.1ms | ActiveRecord: 0.0ms)


Started GET "/?format=xml&a=" for 127.0.0.1 at 2018-12-12 18:28:59 +0300
Processing by XmlController#index as XML
  Parameters: {"a"=>""}
Completed 200 OK in 31ms (Views: 0.1ms | ActiveRecord: 0.0ms)


Started GET "/?format=xml&a=" for 127.0.0.1 at 2018-12-12 18:29:04 +0300
Processing by XmlController#index as XML
  Parameters: {"a"=>""}
Completed 200 OK in 34ms (Views: 0.1ms | ActiveRecord: 0.0ms)


Started GET "/?format=xml&a=81" for 127.0.0.1 at 2018-12-12 18:36:03 +0300
Processing by XmlController#index as XML
  Parameters: {"a"=>"81"}
Completed 200 OK in 1ms (Views: 0.1ms | ActiveRecord: 0.0ms)


Started GET "/?format=xml&a=" for 127.0.0.1 at 2018-12-12 18:40:41 +0300
Processing by XmlController#index as XML
  Parameters: {"a"=>""}
Completed 200 OK in 34ms (Views: 0.3ms | ActiveRecord: 0.0ms)


Started GET "/?format=xml&a=25" for 127.0.0.1 at 2018-12-12 18:40:54 +0300
Processing by XmlController#index as XML
  Parameters: {"a"=>"25"}
Completed 200 OK in 2ms (Views: 0.2ms | ActiveRecord: 0.0ms)


Started GET "/?format=xml&a=" for 127.0.0.1 at 2018-12-12 18:41:08 +0300
Processing by XmlController#index as XML
  Parameters: {"a"=>""}
Completed 200 OK in 30ms (Views: 0.1ms | ActiveRecord: 0.0ms)


Started GET "/?format=xml&a=" for 127.0.0.1 at 2018-12-12 18:41:15 +0300
Processing by XmlController#index as XML
  Parameters: {"a"=>""}
Completed 200 OK in 28ms (Views: 0.1ms | ActiveRecord: 0.0ms)


Started GET "/?format=xml&a=" for 127.0.0.1 at 2018-12-12 18:41:28 +0300
Processing by XmlController#index as XML
  Parameters: {"a"=>""}
Completed 200 OK in 30ms (Views: 0.1ms | ActiveRecord: 0.0ms)


Started GET "/?format=xml&a=" for 127.0.0.1 at 2018-12-12 18:44:23 +0300
Processing by XmlController#index as XML
  Parameters: {"a"=>""}
Completed 200 OK in 40ms (Views: 0.1ms | ActiveRecord: 0.0ms)


Started GET "/?format=xml&a=25" for 127.0.0.1 at 2018-12-12 18:44:33 +0300
Processing by XmlController#index as XML
  Parameters: {"a"=>"25"}
Completed 200 OK in 2ms (Views: 0.2ms | ActiveRecord: 0.0ms)


Started GET "/?format=xml&a=" for 127.0.0.1 at 2018-12-12 18:44:46 +0300
Processing by XmlController#index as XML
  Parameters: {"a"=>""}
Completed 200 OK in 30ms (Views: 0.1ms | ActiveRecord: 0.0ms)


Started GET "/?format=xml&a=" for 127.0.0.1 at 2018-12-12 18:46:48 +0300
Processing by XmlController#index as XML
  Parameters: {"a"=>""}
Completed 200 OK in 35ms (Views: 0.2ms | ActiveRecord: 0.0ms)


Started GET "/?format=xml&a=" for 127.0.0.1 at 2018-12-12 18:48:38 +0300
  
SyntaxError (/Users/melkozavr/Desktop/lb10/xslt-api/app/controllers/xml_controller.rb:47: syntax error, unexpected ':', expecting keyword_end
              messege: "Eror nil blya"
                     ^
/Users/melkozavr/Desktop/lb10/xslt-api/app/controllers/xml_controller.rb:63: syntax error, unexpected keyword_end, expecting end-of-input):
  
app/controllers/xml_controller.rb:47: syntax error, unexpected ':', expecting keyword_end
app/controllers/xml_controller.rb:63: syntax error, unexpected keyword_end, expecting end-of-input
Started GET "/?format=xml&a=" for 127.0.0.1 at 2018-12-12 18:48:53 +0300
  
SyntaxError (/Users/melkozavr/Desktop/lb10/xslt-api/app/controllers/xml_controller.rb:63: syntax error, unexpected keyword_end, expecting end-of-input):
  
app/controllers/xml_controller.rb:63: syntax error, unexpected keyword_end, expecting end-of-input
Started GET "/?format=xml&a=" for 127.0.0.1 at 2018-12-12 18:49:21 +0300
  
SyntaxError (/Users/melkozavr/Desktop/lb10/xslt-api/app/controllers/xml_controller.rb:63: syntax error, unexpected keyword_end, expecting end-of-input):
  
app/controllers/xml_controller.rb:63: syntax error, unexpected keyword_end, expecting end-of-input
Started GET "/?format=xml&a=" for 127.0.0.1 at 2018-12-12 18:49:34 +0300
Processing by XmlController#index as XML
  Parameters: {"a"=>""}
Completed 200 OK in 31ms (Views: 0.1ms | ActiveRecord: 0.0ms)


Started GET "/?format=xml&a=" for 127.0.0.1 at 2018-12-12 18:50:42 +0300
Processing by XmlController#index as XML
  Parameters: {"a"=>""}
Completed 200 OK in 29ms (Views: 0.1ms | ActiveRecord: 0.0ms)


Started GET "/?format=xml&a=" for 127.0.0.1 at 2018-12-12 18:56:41 +0300
Processing by XmlController#index as XML
  Parameters: {"a"=>""}
Completed 200 OK in 1ms (Views: 0.1ms | ActiveRecord: 0.0ms)


Started GET "/?format=xml&a=100" for 127.0.0.1 at 2018-12-12 18:56:56 +0300
Processing by XmlController#index as XML
  Parameters: {"a"=>"100"}
Completed 200 OK in 1ms (Views: 0.1ms | ActiveRecord: 0.0ms)


Started GET "/?format=xml&a=25" for 127.0.0.1 at 2018-12-12 18:57:08 +0300
Processing by XmlController#index as XML
  Parameters: {"a"=>"25"}
Completed 200 OK in 2ms (Views: 0.2ms | ActiveRecord: 0.0ms)


Started GET "/?format=xml&a=25" for 127.0.0.1 at 2018-12-12 18:57:30 +0300
Processing by XmlController#index as XML
  Parameters: {"a"=>"25"}
Completed 200 OK in 1ms (Views: 0.1ms | ActiveRecord: 0.0ms)


Started GET "/?format=xml&a=25" for 127.0.0.1 at 2018-12-12 18:57:47 +0300
Processing by XmlController#index as XML
  Parameters: {"a"=>"25"}
Completed 200 OK in 2ms (Views: 0.1ms | ActiveRecord: 0.0ms)


Started GET "/?format=xml&a=" for 127.0.0.1 at 2018-12-12 18:57:57 +0300
Processing by XmlController#index as XML
  Parameters: {"a"=>""}
Completed 200 OK in 2ms (Views: 0.2ms | ActiveRecord: 0.0ms)


Started GET "/?format=xml&a=" for 127.0.0.1 at 2018-12-12 18:58:02 +0300
Processing by XmlController#index as XML
  Parameters: {"a"=>""}
Completed 200 OK in 1ms (Views: 0.2ms | ActiveRecord: 0.0ms)


Started GET "/?format=xml&num=" for 127.0.0.1 at 2018-12-12 19:01:55 +0300
Processing by XmlController#index as XML
  Parameters: {"num"=>""}
Completed 200 OK in 1ms (Views: 0.1ms | ActiveRecord: 0.0ms)


Started GET "/?format=xml&num=" for 127.0.0.1 at 2018-12-12 19:01:59 +0300
Processing by XmlController#index as XML
  Parameters: {"num"=>""}
Completed 200 OK in 1ms (Views: 0.1ms | ActiveRecord: 0.0ms)


Started GET "/?format=xml&num=" for 127.0.0.1 at 2018-12-12 19:04:13 +0300
Processing by XmlController#index as XML
  Parameters: {"num"=>""}
Completed 200 OK in 1ms (Views: 0.1ms | ActiveRecord: 0.0ms)


Started GET "/?format=xml&num=" for 127.0.0.1 at 2018-12-12 19:04:23 +0300
Processing by XmlController#index as XML
  Parameters: {"num"=>""}
Completed 200 OK in 1ms (Views: 0.1ms | ActiveRecord: 0.0ms)


Started GET "/?format=xml&num=" for 127.0.0.1 at 2018-12-12 19:13:13 +0300
Processing by XmlController#index as XML
  Parameters: {"num"=>""}
Completed 200 OK in 1ms (Views: 0.1ms | ActiveRecord: 0.0ms)


Started GET "/?format=xml&num=" for 127.0.0.1 at 2018-12-12 19:13:19 +0300
Processing by XmlController#index as XML
  Parameters: {"num"=>""}
Completed 200 OK in 1ms (Views: 0.1ms | ActiveRecord: 0.0ms)


Started GET "/?format=xml&num=" for 127.0.0.1 at 2018-12-12 19:13:23 +0300
Processing by XmlController#index as XML
  Parameters: {"num"=>""}
Completed 200 OK in 1ms (Views: 0.1ms | ActiveRecord: 0.0ms)


Started GET "/?format=xml&num=" for 127.0.0.1 at 2018-12-12 19:14:08 +0300
Processing by XmlController#index as XML
  Parameters: {"num"=>""}
Completed 200 OK in 1ms (Views: 0.1ms | ActiveRecord: 0.0ms)


Started GET "/?format=xml&num=" for 127.0.0.1 at 2018-12-12 19:16:31 +0300
Processing by XmlController#index as XML
  Parameters: {"num"=>""}
Completed 200 OK in 1ms (Views: 0.1ms | ActiveRecord: 0.0ms)


Started GET "/?format=xml&num=" for 127.0.0.1 at 2018-12-12 19:16:34 +0300
Processing by XmlController#index as XML
  Parameters: {"num"=>""}
Completed 200 OK in 1ms (Views: 0.1ms | ActiveRecord: 0.0ms)


Started GET "/?format=xml&num=" for 127.0.0.1 at 2018-12-12 19:16:43 +0300
Processing by XmlController#index as XML
  Parameters: {"num"=>""}
Completed 200 OK in 1ms (Views: 0.1ms | ActiveRecord: 0.0ms)


Started GET "/?format=xml&num=" for 127.0.0.1 at 2018-12-12 19:16:45 +0300
Processing by XmlController#index as XML
  Parameters: {"num"=>""}
Completed 200 OK in 1ms (Views: 0.1ms | ActiveRecord: 0.0ms)


Started GET "/?format=xml&num=" for 127.0.0.1 at 2018-12-12 19:16:52 +0300
Processing by XmlController#index as XML
  Parameters: {"num"=>""}
Completed 200 OK in 1ms (Views: 0.1ms | ActiveRecord: 0.0ms)


Started GET "/?format=xml&num=" for 127.0.0.1 at 2018-12-12 19:23:12 +0300
Processing by XmlController#index as XML
  Parameters: {"num"=>""}
Completed 200 OK in 135ms (Views: 0.2ms | ActiveRecord: 0.0ms)


Started GET "/?format=xml&num=" for 127.0.0.1 at 2018-12-12 19:23:18 +0300
Processing by XmlController#index as XML
  Parameters: {"num"=>""}
Completed 200 OK in 1ms (Views: 0.1ms | ActiveRecord: 0.0ms)


Started GET "/?format=xml&num=" for 127.0.0.1 at 2018-12-12 19:23:21 +0300
Processing by XmlController#index as XML
  Parameters: {"num"=>""}
Completed 200 OK in 1ms (Views: 0.1ms | ActiveRecord: 0.0ms)


Started GET "/?format=xml&a=" for 127.0.0.1 at 2018-12-12 19:24:37 +0300
Processing by XmlController#index as XML
  Parameters: {"a"=>""}
Completed 200 OK in 2ms (Views: 0.1ms | ActiveRecord: 0.0ms)


Started GET "/?format=xml&a=1" for 127.0.0.1 at 2018-12-12 19:24:37 +0300
Processing by XmlController#index as XML
  Parameters: {"a"=>"1"}
Completed 200 OK in 2ms (Views: 0.1ms | ActiveRecord: 0.0ms)


Started GET "/?format=xml&a=25" for 127.0.0.1 at 2018-12-12 19:24:42 +0300
Processing by XmlController#index as XML
  Parameters: {"a"=>"25"}
Completed 200 OK in 1ms (Views: 0.1ms | ActiveRecord: 0.0ms)


Started GET "/?format=xml&a=25" for 127.0.0.1 at 2018-12-12 19:24:50 +0300
Processing by XmlController#index as XML
  Parameters: {"a"=>"25"}
Completed 200 OK in 4ms (Views: 0.4ms | ActiveRecord: 0.0ms)


Started GET "/?format=xml&a=2" for 127.0.0.1 at 2018-12-12 19:24:55 +0300
Processing by XmlController#index as XML
  Parameters: {"a"=>"2"}
Completed 200 OK in 3ms (Views: 0.5ms | ActiveRecord: 0.0ms)


Started GET "/?format=xml&num=" for 127.0.0.1 at 2018-12-12 19:26:57 +0300
Processing by XmlController#index as XML
  Parameters: {"num"=>""}
Completed 200 OK in 1ms (Views: 0.1ms | ActiveRecord: 0.0ms)


Started GET "/?format=xml&a=25" for 127.0.0.1 at 2018-12-12 19:28:34 +0300
Processing by XmlController#index as XML
  Parameters: {"a"=>"25"}
Completed 200 OK in 1ms (Views: 0.1ms | ActiveRecord: 0.0ms)


Started GET "/?format=xml&num=" for 127.0.0.1 at 2018-12-12 19:33:15 +0300
Processing by XmlController#index as XML
  Parameters: {"num"=>""}
Completed 200 OK in 1ms (Views: 0.1ms | ActiveRecord: 0.0ms)


Started GET "/?format=xml&num=" for 127.0.0.1 at 2018-12-12 19:34:06 +0300
Processing by XmlController#index as XML
  Parameters: {"num"=>""}
Completed 200 OK in 1ms (Views: 0.2ms | ActiveRecord: 0.0ms)


Started GET "/?format=xml&num=" for 127.0.0.1 at 2018-12-12 19:34:11 +0300
Processing by XmlController#index as XML
  Parameters: {"num"=>""}
Completed 200 OK in 1ms (Views: 0.2ms | ActiveRecord: 0.0ms)


Started GET "/?format=xml&num=" for 127.0.0.1 at 2018-12-12 19:34:46 +0300
Processing by XmlController#index as XML
  Parameters: {"num"=>""}
Completed 200 OK in 1ms (Views: 0.1ms | ActiveRecord: 0.0ms)


Started GET "/?format=xml&num=" for 127.0.0.1 at 2018-12-12 19:34:49 +0300
Processing by XmlController#index as XML
  Parameters: {"num"=>""}
Completed 200 OK in 1ms (Views: 0.1ms | ActiveRecord: 0.0ms)


Started GET "/?format=xml&num=" for 127.0.0.1 at 2018-12-12 19:35:02 +0300
Processing by XmlController#index as XML
  Parameters: {"num"=>""}
Completed 200 OK in 2ms (Views: 0.4ms | ActiveRecord: 0.0ms)


Started GET "/?format=xml&num=" for 127.0.0.1 at 2018-12-12 19:35:37 +0300
Processing by XmlController#index as XML
  Parameters: {"num"=>""}
Completed 200 OK in 1ms (Views: 0.1ms | ActiveRecord: 0.0ms)


Started GET "/?format=xml&num=" for 127.0.0.1 at 2018-12-12 19:35:48 +0300
Processing by XmlController#index as XML
  Parameters: {"num"=>""}
Completed 200 OK in 2ms (Views: 0.1ms | ActiveRecord: 0.0ms)


Started GET "/?format=xml&num=" for 127.0.0.1 at 2018-12-12 19:35:49 +0300
Processing by XmlController#index as XML
  Parameters: {"num"=>""}
Completed 200 OK in 2ms (Views: 0.2ms | ActiveRecord: 0.0ms)


Started GET "/?format=xml&num=" for 127.0.0.1 at 2018-12-12 19:36:19 +0300
Processing by XmlController#index as XML
  Parameters: {"num"=>""}
Completed 200 OK in 2ms (Views: 0.3ms | ActiveRecord: 0.0ms)


Started GET "/?format=xml&num=" for 127.0.0.1 at 2018-12-12 19:36:20 +0300
Processing by XmlController#index as XML
  Parameters: {"num"=>""}
Completed 200 OK in 1ms (Views: 0.1ms | ActiveRecord: 0.0ms)


Started GET "/?format=xml&num=" for 127.0.0.1 at 2018-12-12 19:36:54 +0300
Processing by XmlController#index as XML
  Parameters: {"num"=>""}
Completed 200 OK in 1ms (Views: 0.1ms | ActiveRecord: 0.0ms)


Started GET "/?format=xml&num=" for 127.0.0.1 at 2018-12-12 19:37:08 +0300
Processing by XmlController#index as XML
  Parameters: {"num"=>""}
Completed 200 OK in 2ms (Views: 0.3ms | ActiveRecord: 0.0ms)


Started GET "/?format=xml&num=" for 127.0.0.1 at 2018-12-12 19:37:18 +0300
Processing by XmlController#index as XML
  Parameters: {"num"=>""}
Completed 200 OK in 1ms (Views: 0.1ms | ActiveRecord: 0.0ms)


Started GET "/?format=xml&num=" for 127.0.0.1 at 2018-12-12 19:37:19 +0300
Processing by XmlController#index as XML
  Parameters: {"num"=>""}
Completed 200 OK in 1ms (Views: 0.1ms | ActiveRecord: 0.0ms)


Started GET "/?format=xml&num=" for 127.0.0.1 at 2018-12-12 19:37:58 +0300
Processing by XmlController#index as XML
  Parameters: {"num"=>""}
Completed 200 OK in 1ms (Views: 0.1ms | ActiveRecord: 0.0ms)


Started GET "/?format=xml&num=" for 127.0.0.1 at 2018-12-12 19:37:59 +0300
Processing by XmlController#index as XML
  Parameters: {"num"=>""}
Completed 200 OK in 1ms (Views: 0.2ms | ActiveRecord: 0.0ms)


Started GET "/?format=xml&num=" for 127.0.0.1 at 2018-12-12 19:38:16 +0300
Processing by XmlController#index as XML
  Parameters: {"num"=>""}
Completed 200 OK in 1ms (Views: 0.1ms | ActiveRecord: 0.0ms)


Started GET "/?format=xml&a=25" for 127.0.0.1 at 2018-12-12 19:41:07 +0300
Processing by XmlController#index as XML
  Parameters: {"a"=>"25"}
Completed 200 OK in 54ms (Views: 0.1ms | ActiveRecord: 0.0ms)


Started GET "/?format=xml&num=25" for 127.0.0.1 at 2018-12-12 19:41:12 +0300
Processing by XmlController#index as XML
  Parameters: {"num"=>"25"}
Completed 200 OK in 2ms (Views: 0.1ms | ActiveRecord: 0.0ms)


Started GET "/?format=xml&num=25" for 127.0.0.1 at 2018-12-12 19:41:35 +0300
Processing by XmlController#index as XML
  Parameters: {"num"=>"25"}
Completed 200 OK in 1ms (Views: 0.1ms | ActiveRecord: 0.0ms)


Started GET "/?format=xml&num=25" for 127.0.0.1 at 2018-12-12 19:41:53 +0300
Processing by XmlController#index as XML
  Parameters: {"num"=>"25"}
Completed 200 OK in 1ms (Views: 0.1ms | ActiveRecord: 0.0ms)


Started GET "/?format=xml&num=25" for 127.0.0.1 at 2018-12-12 19:41:56 +0300
Processing by XmlController#index as XML
  Parameters: {"num"=>"25"}
Completed 200 OK in 1ms (Views: 0.1ms | ActiveRecord: 0.0ms)


Started GET "/?format=xml&num=25" for 127.0.0.1 at 2018-12-12 19:41:59 +0300
Processing by XmlController#index as XML
  Parameters: {"num"=>"25"}
Completed 200 OK in 1ms (Views: 0.1ms | ActiveRecord: 0.0ms)


Started GET "/?format=xml&num=" for 127.0.0.1 at 2018-12-12 19:42:19 +0300
Processing by XmlController#index as XML
  Parameters: {"num"=>""}
Completed 200 OK in 1ms (Views: 0.1ms | ActiveRecord: 0.0ms)


Started GET "/?format=xml&num=" for 127.0.0.1 at 2018-12-12 19:42:22 +0300
Processing by XmlController#index as XML
  Parameters: {"num"=>""}
Completed 200 OK in 1ms (Views: 0.1ms | ActiveRecord: 0.0ms)


Started GET "/?format=xml&num=4" for 127.0.0.1 at 2018-12-12 20:41:11 +0300
Processing by XmlController#index as XML
  Parameters: {"num"=>"4"}
Completed 200 OK in 230ms (Views: 0.1ms | ActiveRecord: 0.0ms)


Started GET "/?format=xml&num=" for 127.0.0.1 at 2018-12-12 20:41:11 +0300
Processing by XmlController#index as XML
  Parameters: {"num"=>""}
Completed 200 OK in 1ms (Views: 0.1ms | ActiveRecord: 0.0ms)


Started GET "/?format=xml&num=6" for 127.0.0.1 at 2018-12-12 20:41:11 +0300
Processing by XmlController#index as XML
  Parameters: {"num"=>"6"}
Completed 200 OK in 1ms (Views: 0.1ms | ActiveRecord: 0.0ms)


Started GET "/?format=xml&num=6" for 127.0.0.1 at 2018-12-12 20:41:11 +0300
Processing by XmlController#index as XML
  Parameters: {"num"=>"6"}
Completed 200 OK in 1ms (Views: 0.1ms | ActiveRecord: 0.0ms)


Started GET "/" for 127.0.0.1 at 2018-12-20 10:48:15 +0300
Processing by XmlController#index as HTML
Completed 406 Not Acceptable in 6ms (ActiveRecord: 0.0ms)


  
ActionController::UnknownFormat (ActionController::UnknownFormat):
  
app/controllers/xml_controller.rb:10:in `index'
Started GET "/sign_in" for 127.0.0.1 at 2018-12-20 10:49:53 +0300
  
ActionController::RoutingError (No route matches [GET] "/sign_in"):
  
actionpack (5.2.2) lib/action_dispatch/middleware/debug_exceptions.rb:65:in `call'
web-console (3.7.0) lib/web_console/middleware.rb:135:in `call_app'
web-console (3.7.0) lib/web_console/middleware.rb:30:in `block in call'
web-console (3.7.0) lib/web_console/middleware.rb:20:in `catch'
web-console (3.7.0) lib/web_console/middleware.rb:20:in `call'
actionpack (5.2.2) lib/action_dispatch/middleware/show_exceptions.rb:33:in `call'
railties (5.2.2) lib/rails/rack/logger.rb:38:in `call_app'
railties (5.2.2) lib/rails/rack/logger.rb:26:in `block in call'
activesupport (5.2.2) lib/active_support/tagged_logging.rb:71:in `block in tagged'
activesupport (5.2.2) lib/active_support/tagged_logging.rb:28:in `tagged'
activesupport (5.2.2) lib/active_support/tagged_logging.rb:71:in `tagged'
railties (5.2.2) lib/rails/rack/logger.rb:26:in `call'
sprockets-rails (3.2.1) lib/sprockets/rails/quiet_assets.rb:13:in `call'
actionpack (5.2.2) lib/action_dispatch/middleware/remote_ip.rb:81:in `call'
actionpack (5.2.2) lib/action_dispatch/middleware/request_id.rb:27:in `call'
rack (2.0.6) lib/rack/method_override.rb:22:in `call'
rack (2.0.6) lib/rack/runtime.rb:22:in `call'
activesupport (5.2.2) lib/active_support/cache/strategy/local_cache_middleware.rb:29:in `call'
actionpack (5.2.2) lib/action_dispatch/middleware/executor.rb:14:in `call'
actionpack (5.2.2) lib/action_dispatch/middleware/static.rb:127:in `call'
rack (2.0.6) lib/rack/sendfile.rb:111:in `call'
railties (5.2.2) lib/rails/engine.rb:524:in `call'
puma (3.12.0) lib/puma/configuration.rb:225:in `call'
puma (3.12.0) lib/puma/server.rb:658:in `handle_request'
puma (3.12.0) lib/puma/server.rb:472:in `process_client'
puma (3.12.0) lib/puma/server.rb:332:in `block in run'
puma (3.12.0) lib/puma/thread_pool.rb:133:in `block in spawn_thread'
Started GET "/?format=xml&num=" for 127.0.0.1 at 2018-12-20 11:03:31 +0300
Processing by XmlController#index as XML
  Parameters: {"num"=>""}
Completed 200 OK in 287ms (Views: 0.2ms | ActiveRecord: 0.0ms)


Started GET "/?format=xml&num=25" for 127.0.0.1 at 2018-12-20 11:03:37 +0300
Processing by XmlController#index as XML
  Parameters: {"num"=>"25"}
Completed 200 OK in 1ms (Views: 0.1ms | ActiveRecord: 0.0ms)


Started GET "/?format=xml&num=25" for 127.0.0.1 at 2018-12-24 01:35:27 +0300
Processing by XmlController#index as XML
  Parameters: {"num"=>"25"}
Completed 200 OK in 149ms (Views: 0.2ms | ActiveRecord: 0.0ms)


Started GET "/?format=xml&num=25" for 127.0.0.1 at 2018-12-24 01:35:35 +0300
Processing by XmlController#index as XML
  Parameters: {"num"=>"25"}
Completed 200 OK in 1ms (Views: 0.1ms | ActiveRecord: 0.0ms)


Started GET "/?format=xml&num=25" for 127.0.0.1 at 2018-12-24 01:35:43 +0300
Processing by XmlController#index as XML
  Parameters: {"num"=>"25"}
Completed 200 OK in 1ms (Views: 0.1ms | ActiveRecord: 0.0ms)


Started GET "/" for 127.0.0.1 at 2018-12-24 21:45:37 +0300
Processing by XmlController#index as HTML
Completed 406 Not Acceptable in 5ms (ActiveRecord: 0.0ms)


  
ActionController::UnknownFormat (ActionController::UnknownFormat):
  
app/controllers/xml_controller.rb:10:in `index'
Started GET "/?format=xml&num=25" for 127.0.0.1 at 2018-12-24 21:50:34 +0300
Processing by XmlController#index as XML
  Parameters: {"num"=>"25"}
Completed 500 Internal Server Error in 3ms (ActiveRecord: 0.0ms)


  
NoMethodError (undefined method `-' for "25":String
Did you mean?  -@):
  
app/controllers/xml_controller.rb:27:in `root'
app/controllers/xml_controller.rb:4:in `index'
Started GET "/?format=xml&num=25" for 127.0.0.1 at 2018-12-24 21:51:03 +0300
Processing by XmlController#index as XML
  Parameters: {"num"=>"25"}
Completed 500 Internal Server Error in 2ms (ActiveRecord: 0.0ms)


  
NoMethodError (undefined method `-' for "25":String
Did you mean?  -@):
  
app/controllers/xml_controller.rb:27:in `root'
app/controllers/xml_controller.rb:4:in `index'
Started GET "/?format=xml&num=10" for 127.0.0.1 at 2018-12-24 21:51:37 +0300
Processing by XmlController#index as XML
  Parameters: {"num"=>"10"}
Completed 500 Internal Server Error in 6ms (ActiveRecord: 0.0ms)


  
NoMethodError (undefined method `-' for "10":String
Did you mean?  -@):
  
app/controllers/xml_controller.rb:27:in `root'
app/controllers/xml_controller.rb:4:in `index'
Started GET "/?format=xml&num=5" for 127.0.0.1 at 2018-12-24 21:52:42 +0300
Processing by XmlController#index as XML
  Parameters: {"num"=>"5"}
Completed 500 Internal Server Error in 2ms (ActiveRecord: 0.0ms)


  
NoMethodError (undefined method `-' for "5":String
Did you mean?  -@):
  
app/controllers/xml_controller.rb:27:in `root'
app/controllers/xml_controller.rb:4:in `index'
Started GET "/?num=5&format=xml" for 127.0.0.1 at 2018-12-24 21:52:52 +0300
Processing by XmlController#index as XML
  Parameters: {"num"=>"5"}
Completed 500 Internal Server Error in 2ms (ActiveRecord: 0.0ms)


  
NoMethodError (undefined method `-' for "5":String
Did you mean?  -@):
  
app/controllers/xml_controller.rb:27:in `root'
app/controllers/xml_controller.rb:4:in `index'
Started GET "/?num=5&format=xml" for 127.0.0.1 at 2018-12-24 21:54:10 +0300
Processing by XmlController#index as XML
  Parameters: {"num"=>"5"}
Completed 500 Internal Server Error in 2ms (ActiveRecord: 0.0ms)


  
NoMethodError (undefined method `-' for "5":String
Did you mean?  -@):
  
app/controllers/xml_controller.rb:27:in `root'
app/controllers/xml_controller.rb:4:in `index'
Started GET "/?num=5&format=xml" for 127.0.0.1 at 2018-12-24 21:54:44 +0300
Processing by XmlController#index as XML
  Parameters: {"num"=>"5"}
Completed 200 OK in 106ms (Views: 0.2ms | ActiveRecord: 0.0ms)


Started GET "/?num=5&format=xml" for 127.0.0.1 at 2018-12-24 21:55:06 +0300
Processing by XmlController#index as XML
  Parameters: {"num"=>"5"}
Completed 200 OK in 1ms (Views: 0.1ms | ActiveRecord: 0.0ms)


Started GET "/?num=5&format=xml" for 127.0.0.1 at 2018-12-24 21:55:21 +0300
Processing by XmlController#index as XML
  Parameters: {"num"=>"5"}
Completed 200 OK in 2ms (Views: 0.1ms | ActiveRecord: 0.0ms)


Started GET "/?num=5&format=xml" for 127.0.0.1 at 2018-12-24 21:57:56 +0300
Processing by XmlController#index as XML
  Parameters: {"num"=>"5"}
Completed 500 Internal Server Error in 139ms (ActiveRecord: 0.0ms)


  
NameError (undefined local variable or method `num' for #<XmlController:0x00007fdc89d4fdb0>):
  
app/controllers/xml_controller.rb:26:in `root'
app/controllers/xml_controller.rb:4:in `index'
Started GET "/?num=5&format=xml" for 127.0.0.1 at 2018-12-24 21:58:08 +0300
Processing by XmlController#index as XML
  Parameters: {"num"=>"5"}
Completed 500 Internal Server Error in 132ms (ActiveRecord: 0.0ms)


  
NameError (undefined local variable or method `num' for #<XmlController:0x00007fdc8a583f40>):
  
app/controllers/xml_controller.rb:35:in `block in root'
app/controllers/xml_controller.rb:32:in `loop'
app/controllers/xml_controller.rb:32:in `root'
app/controllers/xml_controller.rb:4:in `index'
Started GET "/?num=5&format=xml" for 127.0.0.1 at 2018-12-24 21:58:17 +0300
Processing by XmlController#index as XML
  Parameters: {"num"=>"5"}
Completed 200 OK in 1ms (Views: 0.1ms | ActiveRecord: 0.0ms)


Started GET "/?num=25&format=xml" for 127.0.0.1 at 2018-12-24 21:58:39 +0300
Processing by XmlController#index as XML
  Parameters: {"num"=>"25"}
Completed 200 OK in 2ms (Views: 0.1ms | ActiveRecord: 0.0ms)


Started GET "/?num=25&format=xml" for 127.0.0.1 at 2018-12-24 22:00:20 +0300
  
SyntaxError (/Users/melkozavr/Desktop/lb10/xslt-api/app/controllers/xml_controller.rb:55: syntax error, unexpected keyword_else, expecting keyword_end
  else
  ^~~~
/Users/melkozavr/Desktop/lb10/xslt-api/app/controllers/xml_controller.rb:59: syntax error, unexpected end-of-input, expecting keyword_end):
  
app/controllers/xml_controller.rb:55: syntax error, unexpected keyword_else, expecting keyword_end
app/controllers/xml_controller.rb:59: syntax error, unexpected end-of-input, expecting keyword_end
Started GET "/?num=25&format=xml" for 127.0.0.1 at 2018-12-24 22:00:44 +0300
Processing by XmlController#index as XML
  Parameters: {"num"=>"25"}
Completed 500 Internal Server Error in 2ms (ActiveRecord: 0.0ms)


  
NoMethodError (undefined method `-' for "25":String
Did you mean?  -@):
  
app/controllers/xml_controller.rb:25:in `root'
app/controllers/xml_controller.rb:4:in `index'
Started GET "/?num=25&format=xml" for 127.0.0.1 at 2018-12-24 22:01:09 +0300
Processing by XmlController#index as XML
  Parameters: {"num"=>"25"}
Completed 500 Internal Server Error in 2ms (ActiveRecord: 0.0ms)


  
NoMethodError (undefined method `-' for "25":String
Did you mean?  -@):
  
app/controllers/xml_controller.rb:25:in `root'
app/controllers/xml_controller.rb:4:in `index'
Started GET "/?num=25&format=xml" for 127.0.0.1 at 2018-12-24 22:02:31 +0300
Processing by XmlController#index as XML
  Parameters: {"num"=>"25"}
Completed 500 Internal Server Error in 2ms (ActiveRecord: 0.0ms)


  
NoMethodError (undefined method `-' for "25":String
Did you mean?  -@):
  
app/controllers/xml_controller.rb:25:in `root'
app/controllers/xml_controller.rb:4:in `index'
Started GET "/?num=25&format=xml" for 127.0.0.1 at 2018-12-24 22:03:27 +0300
Processing by XmlController#index as XML
  Parameters: {"num"=>"25"}
Started GET "/?n=100&format=xml" for 127.0.0.1 at 2018-12-24 22:04:20 +0300
Completed 500 Internal Server Error in 228322ms (ActiveRecord: 0.0ms)


  
Errno::EIO (Input/output error @ io_writev - <STDOUT>):
  
app/controllers/xml_controller.rb:39:in `p'
app/controllers/xml_controller.rb:39:in `root'
app/controllers/xml_controller.rb:4:in `index'
Started GET "/?n=10&format=xml" for 127.0.0.1 at 2018-12-24 22:07:16 +0300
Processing by XmlController#index as XML
  Parameters: {"n"=>"100"}
Completed 200 OK in 1ms (Views: 0.1ms | ActiveRecord: 0.0ms)


Processing by XmlController#index as XML
  Parameters: {"n"=>"10"}
Completed 200 OK in 1ms (Views: 0.1ms | ActiveRecord: 0.0ms)


Started GET "/?n=10&format=xml" for 127.0.0.1 at 2018-12-24 22:07:54 +0300
Processing by XmlController#index as XML
  Parameters: {"n"=>"10"}
Completed 200 OK in 55ms (Views: 0.2ms | ActiveRecord: 0.0ms)


Started GET "/?n=20&format=xml" for 127.0.0.1 at 2018-12-24 22:08:03 +0300
Processing by XmlController#index as XML
  Parameters: {"n"=>"20"}
Completed 200 OK in 1ms (Views: 0.1ms | ActiveRecord: 0.0ms)


Started GET "/?n=20&format=xml" for 127.0.0.1 at 2018-12-24 22:10:13 +0300
Processing by XmlController#index as XML
  Parameters: {"n"=>"20"}
Completed 500 Internal Server Error in 1ms (ActiveRecord: 0.0ms)


  
ArgumentError (wrong number of arguments (given 0, expected 1..2)):
  
app/controllers/xml_controller.rb:59:in `root'
app/controllers/xml_controller.rb:4:in `index'
Started GET "/?n=20&format=xml" for 127.0.0.1 at 2018-12-24 22:10:26 +0300
Processing by XmlController#index as XML
  Parameters: {"n"=>"20"}
Completed 200 OK in 1ms (Views: 0.1ms | ActiveRecord: 0.0ms)


Started GET "/?n=100&format=xml" for 127.0.0.1 at 2018-12-24 22:10:32 +0300
Processing by XmlController#index as XML
  Parameters: {"n"=>"100"}
Completed 200 OK in 1ms (Views: 0.1ms | ActiveRecord: 0.0ms)


Started GET "/?n=20&format=xml" for 127.0.0.1 at 2018-12-24 22:10:51 +0300
Processing by XmlController#index as XML
  Parameters: {"n"=>"20"}
Completed 200 OK in 1ms (Views: 0.1ms | ActiveRecord: 0.0ms)


Started GET "/?n=20&format=xml" for 127.0.0.1 at 2018-12-24 22:11:02 +0300
Processing by XmlController#index as XML
  Parameters: {"n"=>"20"}
Completed 500 Internal Server Error in 1ms (ActiveRecord: 0.0ms)


  
NoMethodError (undefined method `>' for nil:NilClass):
  
app/controllers/xml_controller.rb:24:in `root'
app/controllers/xml_controller.rb:4:in `index'
Started GET "/?n=20&format=xml" for 127.0.0.1 at 2018-12-24 22:11:24 +0300
Processing by XmlController#index as XML
  Parameters: {"n"=>"20"}
Completed 500 Internal Server Error in 2ms (ActiveRecord: 0.0ms)


  
NoMethodError (undefined method `positive?' for nil:NilClass):
  
app/controllers/xml_controller.rb:24:in `root'
app/controllers/xml_controller.rb:4:in `index'
Started GET "/?n=20&format=xml" for 127.0.0.1 at 2018-12-24 22:11:36 +0300
Processing by XmlController#index as XML
  Parameters: {"n"=>"20"}
Completed 200 OK in 1ms (Views: 0.1ms | ActiveRecord: 0.0ms)


Started GET "/?n=20&format=xml" for 127.0.0.1 at 2018-12-24 22:13:55 +0300
Processing by XmlController#index as XML
  Parameters: {"n"=>"20"}
Completed 200 OK in 1ms (Views: 0.1ms | ActiveRecord: 0.0ms)


Started GET "/?n=20&format=xml" for 127.0.0.1 at 2018-12-24 22:15:56 +0300
Processing by XmlController#index as XML
  Parameters: {"n"=>"20"}
Completed 200 OK in 1ms (Views: 0.2ms | ActiveRecord: 0.0ms)


Started GET "/?n=20&format=xml" for 127.0.0.1 at 2018-12-24 22:17:07 +0300
Processing by XmlController#index as XML
  Parameters: {"n"=>"20"}
Completed 200 OK in 1ms (Views: 0.2ms | ActiveRecord: 0.0ms)


Started GET "/" for 127.0.0.1 at 2018-12-24 22:17:35 +0300
Processing by XmlController#index as HTML
Completed 406 Not Acceptable in 1ms (ActiveRecord: 0.0ms)


  
ActionController::UnknownFormat (ActionController::UnknownFormat):
  
app/controllers/xml_controller.rb:10:in `index'
Started GET "/?format=xml&n=" for 127.0.0.1 at 2018-12-24 22:20:25 +0300
Processing by XmlController#index as XML
  Parameters: {"n"=>""}
Completed 200 OK in 1ms (Views: 0.1ms | ActiveRecord: 0.0ms)


Started GET "/?format=xml&n=" for 127.0.0.1 at 2018-12-24 22:20:29 +0300
Processing by XmlController#index as XML
  Parameters: {"n"=>""}
Completed 200 OK in 1ms (Views: 0.1ms | ActiveRecord: 0.0ms)


Started GET "/?format=xml&n=" for 127.0.0.1 at 2018-12-24 22:20:32 +0300
Processing by XmlController#index as XML
  Parameters: {"n"=>""}
Completed 200 OK in 1ms (Views: 0.1ms | ActiveRecord: 0.0ms)


Started GET "/?format=xml&n=3" for 127.0.0.1 at 2018-12-24 22:29:02 +0300
Processing by XmlController#index as XML
  Parameters: {"n"=>"3"}
Completed 200 OK in 95ms (Views: 0.2ms | ActiveRecord: 0.0ms)


Started GET "/?n=3&format=xml" for 127.0.0.1 at 2018-12-24 22:30:18 +0300
Processing by XmlController#index as XML
  Parameters: {"n"=>"3"}
Completed 200 OK in 1ms (Views: 0.1ms | ActiveRecord: 0.0ms)


Started GET "/?n=3&format=xml" for 127.0.0.1 at 2018-12-24 22:31:06 +0300
Processing by XmlController#index as XML
  Parameters: {"n"=>"3"}
Completed 500 Internal Server Error in 1ms (ActiveRecord: 0.0ms)


  
NoMethodError (undefined method `>' for nil:NilClass):
  
app/controllers/xml_controller.rb:24:in `root'
app/controllers/xml_controller.rb:4:in `index'
Started GET "/?n=3&format=xml" for 127.0.0.1 at 2018-12-24 22:33:03 +0300
Processing by XmlController#index as XML
  Parameters: {"n"=>"3"}
Completed 200 OK in 43ms (Views: 0.1ms | ActiveRecord: 0.0ms)


Started GET "/?n=3&format=xml" for 127.0.0.1 at 2018-12-24 22:33:28 +0300
Processing by XmlController#index as XML
  Parameters: {"n"=>"3"}
Completed 200 OK in 45ms (Views: 0.1ms | ActiveRecord: 0.0ms)


Started GET "/?format=xml&n=" for 127.0.0.1 at 2018-12-24 22:34:41 +0300
Processing by XmlController#index as XML
  Parameters: {"n"=>""}
Completed 200 OK in 1ms (Views: 0.1ms | ActiveRecord: 0.0ms)


Started GET "/?format=xml&n=" for 127.0.0.1 at 2018-12-24 22:34:49 +0300
Processing by XmlController#index as XML
  Parameters: {"n"=>""}
Completed 200 OK in 1ms (Views: 0.2ms | ActiveRecord: 0.0ms)


Started GET "/?format=xml&n=" for 127.0.0.1 at 2018-12-24 22:34:51 +0300
Processing by XmlController#index as XML
  Parameters: {"n"=>""}
Completed 200 OK in 1ms (Views: 0.1ms | ActiveRecord: 0.0ms)


Started GET "/?format=xml.%D1%82=3" for 127.0.0.1 at 2018-12-24 22:35:16 +0300
Processing by XmlController#index as 
Completed 406 Not Acceptable in 1ms (ActiveRecord: 0.0ms)


  
ActionController::UnknownFormat (ActionController::UnknownFormat):
  
app/controllers/xml_controller.rb:10:in `index'
Started GET "/?format=xml&n=3" for 127.0.0.1 at 2018-12-24 22:35:23 +0300
Processing by XmlController#index as XML
  Parameters: {"n"=>"3"}
Completed 200 OK in 48ms (Views: 0.1ms | ActiveRecord: 0.0ms)


Started GET "/?format=xml&n=5" for 127.0.0.1 at 2018-12-24 22:35:27 +0300
Processing by XmlController#index as XML
  Parameters: {"n"=>"5"}
Completed 200 OK in 6866ms (Views: 0.1ms | ActiveRecord: 0.0ms)


Started GET "/?format=xml&n=3" for 127.0.0.1 at 2018-12-24 22:37:16 +0300
Processing by XmlController#index as XML
  Parameters: {"n"=>"3"}
Completed 200 OK in 47ms (Views: 0.1ms | ActiveRecord: 0.0ms)


Started GET "/?format=xml&n=" for 127.0.0.1 at 2018-12-24 22:38:47 +0300
Processing by XmlController#index as XML
  Parameters: {"n"=>""}
Completed 200 OK in 1ms (Views: 0.1ms | ActiveRecord: 0.0ms)


Started GET "/?format=xml&n=" for 127.0.0.1 at 2018-12-24 22:38:51 +0300
Processing by XmlController#index as XML
  Parameters: {"n"=>""}
Completed 200 OK in 1ms (Views: 0.1ms | ActiveRecord: 0.0ms)


Started GET "/?format=xml&num=3" for 127.0.0.1 at 2018-12-24 22:42:26 +0300
Processing by XmlController#index as XML
  Parameters: {"num"=>"3"}
Completed 200 OK in 46ms (Views: 0.1ms | ActiveRecord: 0.0ms)


Started GET "/?format=xml&num=" for 127.0.0.1 at 2018-12-24 22:42:32 +0300
Processing by XmlController#index as XML
  Parameters: {"num"=>""}
Completed 200 OK in 1ms (Views: 0.1ms | ActiveRecord: 0.0ms)


Started GET "/?format=xml&num=" for 127.0.0.1 at 2018-12-24 22:42:36 +0300
Processing by XmlController#index as XML
  Parameters: {"num"=>""}
Completed 200 OK in 1ms (Views: 0.1ms | ActiveRecord: 0.0ms)


Started GET "/?format=xml&num=3" for 127.0.0.1 at 2018-12-24 22:42:41 +0300
Processing by XmlController#index as XML
  Parameters: {"num"=>"3"}
Completed 200 OK in 44ms (Views: 0.1ms | ActiveRecord: 0.0ms)


Started GET "/?format=xml&num=3" for 127.0.0.1 at 2018-12-24 22:42:46 +0300
Processing by XmlController#index as XML
  Parameters: {"num"=>"3"}
Completed 200 OK in 46ms (Views: 0.1ms | ActiveRecord: 0.0ms)


Started GET "/?format=xml&num=3" for 127.0.0.1 at 2018-12-24 22:42:50 +0300
Processing by XmlController#index as XML
  Parameters: {"num"=>"3"}
Completed 200 OK in 47ms (Views: 0.1ms | ActiveRecord: 0.0ms)


Started GET "/?format=xml&num=3" for 127.0.0.1 at 2018-12-24 22:42:58 +0300
Processing by XmlController#index as XML
  Parameters: {"num"=>"3"}
Completed 200 OK in 47ms (Views: 0.1ms | ActiveRecord: 0.0ms)


Started GET "/" for 127.0.0.1 at 2018-12-25 04:34:00 +0300
Processing by XmlController#index as HTML
Completed 406 Not Acceptable in 10ms (ActiveRecord: 0.0ms)


  
ActionController::UnknownFormat (ActionController::UnknownFormat):
  
app/controllers/xml_controller.rb:10:in `index'
Started GET "/?n=3" for 127.0.0.1 at 2018-12-25 04:34:17 +0300
Processing by XmlController#index as HTML
  Parameters: {"n"=>"3"}
Completed 406 Not Acceptable in 2ms (ActiveRecord: 0.0ms)


  
ActionController::UnknownFormat (ActionController::UnknownFormat):
  
app/controllers/xml_controller.rb:10:in `index'
Started GET "/?n=3" for 127.0.0.1 at 2018-12-25 04:35:08 +0300
Processing by XmlController#index as HTML
  Parameters: {"n"=>"3"}
Completed 406 Not Acceptable in 11ms (ActiveRecord: 0.0ms)


  
ActionController::UnknownFormat (ActionController::UnknownFormat):
  
app/controllers/xml_controller.rb:10:in `index'
Started GET "/?n=3" for 127.0.0.1 at 2018-12-25 04:35:09 +0300
Processing by XmlController#index as HTML
  Parameters: {"n"=>"3"}
Completed 406 Not Acceptable in 2ms (ActiveRecord: 0.0ms)


  
ActionController::UnknownFormat (ActionController::UnknownFormat):
  
app/controllers/xml_controller.rb:10:in `index'
Started GET "/?num=3" for 127.0.0.1 at 2018-12-25 04:36:15 +0300
Processing by XmlController#index as HTML
  Parameters: {"num"=>"3"}
Completed 406 Not Acceptable in 893ms (ActiveRecord: 0.0ms)


  
ActionController::UnknownFormat (ActionController::UnknownFormat):
  
app/controllers/xml_controller.rb:10:in `index'
Started GET "/?num=3" for 127.0.0.1 at 2018-12-25 04:36:21 +0300
Processing by XmlController#index as HTML
  Parameters: {"num"=>"3"}
Completed 406 Not Acceptable in 275ms (ActiveRecord: 0.0ms)


  
ActionController::UnknownFormat (ActionController::UnknownFormat):
  
app/controllers/xml_controller.rb:10:in `index'
Started GET "/?num=3" for 127.0.0.1 at 2018-12-25 04:39:57 +0300
Processing by XmlController#index as HTML
  Parameters: {"num"=>"3"}
Completed 406 Not Acceptable in 929ms (ActiveRecord: 0.0ms)


  
ActionController::UnknownFormat (ActionController::UnknownFormat):
  
app/controllers/xml_controller.rb:10:in `index'
Started GET "/?num=3&format=xml" for 127.0.0.1 at 2018-12-25 04:40:18 +0300
Processing by XmlController#index as XML
  Parameters: {"num"=>"3"}
Completed 200 OK in 593ms (Views: 0.6ms | ActiveRecord: 0.0ms)


Started GET "/?format=xml&num=3" for 127.0.0.1 at 2018-12-25 04:40:25 +0300
Processing by XmlController#index as XML
  Parameters: {"num"=>"3"}
Completed 200 OK in 350ms (Views: 0.2ms | ActiveRecord: 0.0ms)


Started GET "/?format=xml&num=3" for 127.0.0.1 at 2018-12-25 04:40:31 +0300
Processing by XmlController#index as XML
  Parameters: {"num"=>"3"}
Completed 200 OK in 246ms (Views: 0.2ms | ActiveRecord: 0.0ms)


Started GET "/?format=xml&num=3" for 127.0.0.1 at 2018-12-25 04:40:34 +0300
Processing by XmlController#index as XML
  Parameters: {"num"=>"3"}
Completed 200 OK in 259ms (Views: 0.2ms | ActiveRecord: 0.0ms)


